<?xml version='1.0' encoding='UTF-8' ?>
<testsuite name="com.bonjur.notification.presentation.feed.NeedsActionBannerVisibleTest" tests="5" failures="0" errors="0" skipped="0" time="10.419" timestamp="2026-08-26T16:59:14" hostname="localhost">
  <properties>
    <property name="device" value="Pixel_9a(AVD) - 17" />
    <property name="flavor" value="" />
    <property name="project" value=":appFeatures:notification" />
  </properties>
  <testcase name="bannerStaysOnScreenAfterScrollingTheFeed" classname="com.bonjur.notification.presentation.feed.NeedsActionBannerVisibleTest" time="2.651" />
  <testcase name="bannerIsOnScreenWithAFullFeed" classname="com.bonjur.notification.presentation.feed.NeedsActionBannerVisibleTest" time="2.192" />
  <testcase name="bannerIsOnScreenWithAnEmptyFeed" classname="com.bonjur.notification.presentation.feed.NeedsActionBannerVisibleTest" time="2.179" />
  <testcase name="openingTheFeedNeverProbesTheAdminVerificationQueue" classname="com.bonjur.notification.presentation.feed.NotificationFeedEntryCallsTest" time="1.486" />
  <testcase name="openingTheFeedLoadsTheFeedAndTheBannerCountOnly" classname="com.bonjur.notification.presentation.feed.NotificationFeedEntryCallsTest" time="1.52" />
</testsuite>