<?xml version='1.0' encoding='UTF-8' ?>
<testsuite name="com.bonjur.notification.presentation.feed.NeedsActionBannerVisibleTest" tests="4" failures="0" errors="0" skipped="0" time="9.06" timestamp="2026-08-22T15:04:56" hostname="localhost">
  <properties>
    <property name="device" value="Pixel_9a(AVD) - 17" />
    <property name="flavor" value="" />
    <property name="project" value=":appFeatures:notification" />
  </properties>
  <testcase name="bannerStaysOnScreenAfterScrollingTheFeed" classname="com.bonjur.notification.presentation.feed.NeedsActionBannerVisibleTest" time="2.7" />
  <testcase name="bannerIsOnScreenWithAFullFeed" classname="com.bonjur.notification.presentation.feed.NeedsActionBannerVisibleTest" time="2.237" />
  <testcase name="bannerIsOnScreenWithAnEmptyFeed" classname="com.bonjur.notification.presentation.feed.NeedsActionBannerVisibleTest" time="2.194" />
  <testcase name="openingTheFeedOnlyLoadsTheFeed" classname="com.bonjur.notification.presentation.feed.NotificationFeedEntryCallsTest" time="1.476" />
</testsuite>