<?xml version='1.0' encoding='UTF-8' ?>
<testsuite name="com.bonjur.notification.presentation.feed.NeedsActionBannerVisibleTest" tests="5" failures="0" errors="0" skipped="0" time="14.354" timestamp="2026-09-01T17:48:38" hostname="localhost">
  <properties>
    <property name="device" value="Medium_Phone_API_36.1(AVD) - 16" />
    <property name="flavor" value="" />
    <property name="project" value=":appFeatures:notification" />
  </properties>
  <testcase name="bannerStaysOnScreenAfterScrollingTheFeed" classname="com.bonjur.notification.presentation.feed.NeedsActionBannerVisibleTest" time="4.193" />
  <testcase name="bannerIsOnScreenWithAFullFeed" classname="com.bonjur.notification.presentation.feed.NeedsActionBannerVisibleTest" time="3.341" />
  <testcase name="bannerIsOnScreenWithAnEmptyFeed" classname="com.bonjur.notification.presentation.feed.NeedsActionBannerVisibleTest" time="3.149" />
  <testcase name="openingTheFeedNeverProbesTheAdminVerificationQueue" classname="com.bonjur.notification.presentation.feed.NotificationFeedEntryCallsTest" time="1.512" />
  <testcase name="openingTheFeedLoadsTheFeedAndTheBannerCountOnly" classname="com.bonjur.notification.presentation.feed.NotificationFeedEntryCallsTest" time="1.499" />
</testsuite>